SF:lib\models\sandwich.dart
DA:15,4
DA:21,3
DA:22,3
DA:23,3
DA:25,3
DA:27,3
DA:29,3
DA:34,3
DA:35,6
DA:37,3
DA:42,3
LF:11
LH:11
end_of_record
SF:lib\models\cart.dart
DA:8,3
DA:10,1
DA:11,2
DA:12,5
DA:14,2
DA:16,1
DA:19,1
DA:20,2
DA:21,2
DA:22,1
DA:23,3
DA:25,2
DA:27,1
DA:31,1
DA:32,2
DA:33,1
DA:36,2
DA:37,2
DA:40,5
DA:41,2
DA:42,2
DA:44,1
DA:51,3
DA:53,3
DA:55,1
DA:57,2
DA:58,0
DA:63,1
DA:64,2
DA:65,2
LF:30
LH:29
end_of_record
SF:lib\repositories\pricing_repository.dart
DA:2,2
DA:11,2
LF:2
LH:2
end_of_record
SF:lib\main.dart
DA:6,0
DA:7,0
DA:11,1
DA:13,1
DA:15,1
DA:16,1
DA:17,1
LF:7
LH:5
end_of_record
SF:lib\views\order_screen.dart
DA:12,1
DA:14,2
DA:16,2
DA:28,2
DA:30,2
DA:31,4
DA:32,0
DA:36,2
DA:38,4
DA:39,2
DA:42,0
DA:44,0
DA:45,0
DA:46,0
DA:47,0
DA:52,0
DA:55,0
DA:59,0
DA:60,0
DA:61,0
DA:62,0
DA:64,0
DA:65,0
DA:69,0
DA:72,1
DA:73,2
DA:74,1
DA:75,1
DA:76,1
DA:77,1
DA:80,2
DA:81,0
DA:84,0
DA:90,0
DA:92,0
DA:93,0
DA:94,0
DA:97,0
DA:101,2
DA:102,4
DA:103,2
DA:108,1
DA:109,1
DA:110,1
DA:111,1
DA:112,1
DA:117,2
DA:118,2
DA:119,4
DA:121,2
DA:122,2
DA:124,2
DA:126,2
DA:131,2
DA:132,2
DA:133,4
DA:134,2
DA:136,2
DA:138,2
DA:143,2
DA:144,2
DA:145,2
DA:146,2
DA:147,2
DA:149,2
DA:152,2
DA:154,2
DA:155,2
DA:156,2
DA:158,2
DA:160,2
DA:167,2
DA:168,2
DA:169,1
DA:170,1
DA:172,1
DA:174,1
DA:177,3
DA:185,2
DA:186,2
DA:187,2
DA:189,2
DA:190,2
DA:192,2
DA:193,2
DA:195,0
DA:206,2
DA:210,2
DA:211,1
DA:213,3
DA:216,2
DA:219,2
DA:221,2
DA:223,2
DA:224,2
DA:225,4
DA:231,2
DA:235,2
DA:236,1
DA:238,3
DA:241,2
DA:244,2
DA:246,2
DA:248,2
DA:249,4
DA:250,5
DA:254,6
DA:255,2
DA:256,5
DA:262,2
DA:263,2
DA:269,2
DA:270,2
DA:276,2
DA:277,2
DA:283,2
DA:284,1
DA:285,1
DA:286,4
DA:310,2
DA:318,2
DA:320,2
DA:321,2
DA:326,2
DA:327,2
DA:329,2
DA:330,2
DA:331,4
DA:333,4
LF:129
LH:106
end_of_record
SF:lib\views\cart_screen.dart
DA:11,1
DA:13,1
DA:15,1
DA:20,0
DA:21,0
DA:23,0
DA:24,0
DA:33,0
DA:34,0
DA:35,0
DA:36,0
DA:40,0
DA:41,0
DA:43,0
DA:44,0
DA:46,0
DA:47,0
DA:49,0
DA:55,0
DA:59,0
DA:67,0
DA:68,0
DA:69,0
DA:71,0
DA:75,0
DA:76,0
DA:77,0
DA:78,0
DA:83,0
DA:84,0
DA:85,0
DA:86,0
DA:87,0
DA:88,0
DA:92,0
DA:98,0
DA:99,0
DA:100,0
DA:101,0
DA:106,1
DA:108,1
DA:109,1
DA:110,1
DA:112,1
DA:114,1
DA:121,1
DA:122,1
DA:123,0
DA:124,0
DA:126,0
DA:128,0
DA:131,0
DA:139,1
DA:140,1
DA:141,1
DA:142,0
DA:143,0
DA:145,0
DA:147,0
DA:148,0
DA:154,0
DA:155,0
DA:156,0
DA:157,0
DA:158,0
DA:159,0
DA:162,0
DA:164,0
DA:165,0
DA:167,0
DA:169,0
DA:170,0
DA:173,0
DA:175,0
DA:178,0
DA:179,0
DA:182,0
DA:185,0
DA:192,0
DA:193,0
DA:197,0
DA:198,0
DA:199,0
DA:200,0
DA:202,0
DA:203,0
DA:213,0
DA:214,0
DA:215,0
DA:220,0
LF:90
LH:14
end_of_record
SF:lib\views\checkout_screen.dart
DA:9,1
DA:11,0
DA:12,0
DA:18,0
DA:19,0
DA:20,0
DA:23,0
DA:25,0
DA:26,0
DA:27,0
DA:29,0
DA:30,0
DA:32,0
DA:33,0
DA:37,0
DA:38,0
DA:42,0
DA:43,0
DA:44,0
DA:45,0
DA:48,0
DA:50,0
DA:51,0
DA:52,0
DA:54,0
DA:56,0
DA:60,0
DA:61,0
DA:62,0
DA:63,0
DA:65,0
DA:67,0
DA:70,0
DA:78,0
DA:80,0
DA:81,0
DA:82,0
DA:84,0
DA:85,0
DA:87,0
DA:88,0
DA:89,0
DA:90,0
DA:92,0
DA:94,0
DA:95,0
DA:96,0
DA:99,0
DA:100,0
DA:106,0
DA:107,0
DA:110,0
DA:111,0
DA:113,0
DA:115,0
DA:117,0
DA:118,0
DA:123,0
DA:124,0
DA:126,0
DA:133,0
DA:135,0
DA:136,0
DA:141,0
DA:142,0
DA:150,0
DA:151,0
DA:152,0
DA:158,0
LF:69
LH:1
end_of_record
SF:lib\views\profile_screen.dart
DA:7,1
DA:9,1
DA:10,1
DA:17,1
DA:19,2
DA:20,2
DA:21,1
DA:24,0
DA:25,0
DA:26,0
DA:28,0
DA:29,0
DA:33,0
DA:35,0
DA:39,0
DA:40,0
DA:44,0
DA:47,0
DA:52,0
DA:55,1
DA:57,1
DA:58,1
DA:59,1
DA:61,1
DA:63,1
DA:70,1
DA:71,1
DA:72,0
DA:73,0
DA:75,0
DA:77,0
DA:80,0
DA:88,1
DA:90,1
DA:91,1
DA:92,1
DA:93,1
DA:97,1
DA:98,1
DA:102,1
DA:103,1
LF:41
LH:24
end_of_record
